<?xml version="1.0" encoding="UTF-8"?>
<testng-results ignored="0" total="1" passed="1" failed="0" skipped="0">
  <reporter-output>
  </reporter-output>
  <suite started-at="2024-04-07T10:12:46Z" name="Default suite" finished-at="2024-04-07T10:13:01Z" duration-ms="14596">
    <groups>
      <group name="cucumber">
        <method signature="AbstractTestNGCucumberTests.runScenario(io.cucumber.testng.PickleWrapper, io.cucumber.testng.FeatureWrapper)[pri:0, instance:com.urbanladder.runner.urbanTestRunner@13526e59]" name="runScenario" class="io.cucumber.testng.AbstractTestNGCucumberTests"/>
      </group> <!-- cucumber -->
    </groups>
    <test started-at="2024-04-07T10:12:46Z" name="Default test" finished-at="2024-04-07T10:13:01Z" duration-ms="14596">
      <class name="com.urbanladder.runner.urbanTestRunner">
        <test-method is-config="true" signature="setUpClass(org.testng.ITestContext)[pri:0, instance:com.urbanladder.runner.urbanTestRunner@13526e59]" started-at="2024-04-07T10:12:46Z" name="setUpClass" finished-at="2024-04-07T10:12:51Z" duration-ms="4777" status="PASS">
          <params>
            <param index="0">
              <value>
                <![CDATA[org.testng.TestRunner@6eed46e9]]>
              </value>
            </param>
          </params>
          <reporter-output>
          </reporter-output>
        </test-method> <!-- setUpClass -->
        <test-method signature="runScenario(io.cucumber.testng.PickleWrapper, io.cucumber.testng.FeatureWrapper)[pri:0, instance:com.urbanladder.runner.urbanTestRunner@13526e59]" started-at="2024-04-07T10:12:51Z" name="runScenario" description="Runs Cucumber Scenarios" data-provider="scenarios" finished-at="2024-04-07T10:12:57Z" duration-ms="6512" status="PASS">
          <params>
            <param index="0">
              <value>
                <![CDATA["Search for bookshelves"]]>
              </value>
            </param>
            <param index="1">
              <value>
                <![CDATA["Home page scenarios"]]>
              </value>
            </param>
          </params>
          <reporter-output>
          </reporter-output>
        </test-method> <!-- runScenario -->
        <test-method is-config="true" signature="tearDownClass()[pri:0, instance:com.urbanladder.runner.urbanTestRunner@13526e59]" started-at="2024-04-07T10:12:57Z" name="tearDownClass" finished-at="2024-04-07T10:13:01Z" duration-ms="3292" status="PASS">
          <reporter-output>
          </reporter-output>
        </test-method> <!-- tearDownClass -->
      </class> <!-- com.urbanladder.runner.urbanTestRunner -->
    </test> <!-- Default test -->
  </suite> <!-- Default suite -->
</testng-results>
